\BOOKMARK [0][-]{chapter*.1}{Preface}{}% 1
\BOOKMARK [-1][-]{part.1}{I\040The\040method\040of\040moving\040trihedrals\040in\040Euclidean\040geometry}{}% 2
\BOOKMARK [0][-]{chapter*.3}{Introduction}{part.1}% 3
\BOOKMARK [0][-]{chapter.1}{Moving\040rectangular\040trihedrals.\040Real\040space\040curves}{part.1}% 4
\BOOKMARK [1][-]{section.1.1}{Infinitesimal\040displacement\040of\040a\040rectangular\040trihedral}{chapter.1}% 5
\BOOKMARK [1][-]{section.1.2}{Application\040of\040the\040theory\040of\040one-parameter\040families\040of\040trihedrals\040to\040space\040curves}{chapter.1}% 6
\BOOKMARK [1][-]{section.1.3}{Study\040of\040space\040curves\040based\040on\040the\040theory\040of\040multi-parameter\040families\040of\040trihedrals}{chapter.1}% 7
\BOOKMARK [1][-]{section.1.4}{The\040method\040of\040reduced\040equations}{chapter.1}% 8
\BOOKMARK [0][-]{chapter.2}{Theory\040of\040minimal\040curves}{part.1}% 9
\BOOKMARK [1][-]{section*.8}{Introduction}{chapter.2}% 10
\BOOKMARK [1][-]{section.2.1}{Cyclic\040trihedrals}{chapter.2}% 11
\BOOKMARK [1][-]{section.2.2}{Definition\040of\040the\040elements\040of\040various\040orders\040attached\040to\040a\040minimal\040curve}{chapter.2}% 12
\BOOKMARK [1][-]{section.2.3}{Problems\040of\040equality\040and\040contact}{chapter.2}% 13
\BOOKMARK [1][-]{section.2.4}{Complements}{chapter.2}% 14
\BOOKMARK [0][-]{chapter.3}{Study\040of\040real\040ruled\040surfaces}{part.1}% 15
\BOOKMARK [1][-]{section.3.1}{Elements\040of\040various\040orders}{chapter.3}% 16
\BOOKMARK [1][-]{section.3.2}{Problems\040of\040equality\040and\040contact;\040geometrical\040constructions}{chapter.3}% 17
\BOOKMARK [0][-]{chapter.4}{Study\040of\040ruled\040isotropic\040surfaces}{part.1}% 18
\BOOKMARK [1][-]{section.4.1}{Elements\040of\040order\0401;\040contacts\040of\040order\0401}{chapter.4}% 19
\BOOKMARK [1][-]{section.4.2}{Surfaces\040with\040constant\040k}{chapter.4}% 20
\BOOKMARK [1][-]{section.4.3}{Surfaces\040with\040variable\040k}{chapter.4}% 21
\BOOKMARK [-1][-]{part.2}{II\040Fundamental\040notions\040in\040the\040theory\040of\040finite-dimensional\040continuous\040groups}{}% 22
\BOOKMARK [0][-]{chapter.5}{The\040moving\040frame\040of\040a\040finite-dimensional\040continuous\040group}{part.2}% 23
\BOOKMARK [1][-]{section.5.1}{Transformations;\040groups;\040moving\040frames}{chapter.5}% 24
\BOOKMARK [1][-]{section.5.2}{Infinitesimal\040displacement\040components\040of\040a\040moving\040frame}{chapter.5}% 25
\BOOKMARK [1][-]{section.5.3}{Three\040theorems\040concerning\040infinitesimal\040displacement\040components\040of\040a\040moving\040frame}{chapter.5}% 26
\BOOKMARK [1][-]{section.5.4}{Parameter\040groups}{chapter.5}% 27
\BOOKMARK [1][-]{section.5.5}{Some\040problems\040of\040integration}{chapter.5}% 28
\BOOKMARK [0][-]{chapter.6}{On\040various\040relations\040that\040may\040exist\040between\040two\040groups}{part.2}% 29
\BOOKMARK [1][-]{section.6.1}{Similar\040groups}{chapter.6}% 30
\BOOKMARK [1][-]{section.6.2}{Notion\040of\040isomorphism}{chapter.6}% 31
\BOOKMARK [1][-]{section.6.3}{Identifying\040objects\040in\040a\040given\040class\040of\040objects}{chapter.6}% 32
\BOOKMARK [1][-]{section.6.4}{Groups\040isomorphic\040to\040a\040given\040group}{chapter.6}% 33
\BOOKMARK [0][-]{chapter.7}{Relations\040between\040a\040group\040and\040its\040parameter\040group}{part.2}% 34
\BOOKMARK [1][-]{section.7.1}{Simply\040transitive\040group}{chapter.7}% 35
\BOOKMARK [1][-]{section.7.2}{Transitive\040group}{chapter.7}% 36
\BOOKMARK [1][-]{section.7.3}{Intransitive\040group}{chapter.7}% 37
\BOOKMARK [0][-]{chapter.8}{Equations\040defining\040the\040operations\040of\040a\040finite-dimensional\040connected\040group}{part.2}% 38
\BOOKMARK [1][-]{section*.24}{Introduction}{chapter.8}% 39
\BOOKMARK [1][-]{section.8.1}{The\040case\040of\040simply\040transitive\040groups}{chapter.8}% 40
\BOOKMARK [1][-]{section.8.2}{The\040case\040of\040transitive\040groups}{chapter.8}% 41
\BOOKMARK [1][-]{section.8.3}{The\040case\040of\040intransitive\040groups}{chapter.8}% 42
\BOOKMARK [0][-]{chapter.9}{Realisations\040of\040a\040given\040abstract\040group.\040Subgroups\040of\040a\040group}{part.2}% 43
\BOOKMARK [1][-]{paragraph.9.0.0.0.115}{Introduction}{chapter.9}% 44
\BOOKMARK [1][-]{section.9.1}{Transitive\040group\040realising\040a\040given\040abstract\040group}{chapter.9}% 45
\BOOKMARK [1][-]{section.9.2}{Intransitive\040group\040realising\040a\040given\040group}{chapter.9}% 46
\BOOKMARK [1][-]{section.9.3}{Complements}{chapter.9}% 47
\BOOKMARK [0][-]{chapter.10}{Differential\040geometry}{part.2}% 48
\BOOKMARK [1][-]{section.10.1}{The\040method\040of\040moving\040frames}{chapter.10}% 49
\BOOKMARK [1][-]{section.10.2}{Unimodular\040affine\040geometry;\040study\040of\040real\040place\040curves}{chapter.10}% 50
\BOOKMARK [1][-]{section.10.3}{Projective\040geometry;\040study\040of\040real\040plane\040curves}{chapter.10}% 51
\BOOKMARK [-1][-]{part.3}{III\040Structure\040constants\040of\040finite-dimensional\040connected\040groups}{}% 52
\BOOKMARK [0][-]{chapter.11}{The\040structural\040equations\040of\040E.\040Cartan}{part.3}% 53
\BOOKMARK [1][-]{section.11.1}{Introduction;\040Darboux\040equations}{chapter.11}% 54
\BOOKMARK [1][-]{section.11.2}{Differentials;\040exterior\040derivation}{chapter.11}% 55
\BOOKMARK [1][-]{section.11.3}{The\040structural\040equations\040of\040E.\040Cartan;\040the\040second\040fundamental\040theorem\040of\040groups}{chapter.11}% 56
\BOOKMARK [1][-]{section.11.4}{Determination\040of\040groups\040and\040subgroups}{chapter.11}% 57
\BOOKMARK [0][-]{chapter.12}{Differential\040geometry\040\(continued\)}{part.3}% 58
\BOOKMARK [1][-]{section.12.1}{Implementation\040of\040the\040method\040of\040moving\040frames}{chapter.12}% 59
\BOOKMARK [1][-]{section.12.2}{Projective\040geometry;\040study\040of\040plane\040curves}{chapter.12}% 60
\BOOKMARK [1][-]{section.12.3}{Euclidean\040geometry;\040study\040of\040surfaces}{chapter.12}% 61
\BOOKMARK [0][-]{chapter.13}{The\040third\040fundamental\040theorem\040in\040the\040theory\040of\040groups}{part.3}% 62
\BOOKMARK [1][-]{section.13.1}{The\040necessary\040part\040of\040the\040third\040fundamental\040theorem}{chapter.13}% 63
\BOOKMARK [1][-]{section.13.2}{The\040canonical\040parameters\040of\040S.\040Lie}{chapter.13}% 64
\BOOKMARK [1][-]{section.13.3}{Proof\040\(incomplete\)\040of\040the\040third\040fundamental\040theorem}{chapter.13}% 65
\BOOKMARK [0][-]{chapter.14}{The\040structural\040equations\040of\040S.\040Lie}{part.3}% 66
\BOOKMARK [1][-]{section.14.1}{The\040bracket\040of\040two\040infinitesimal\040transformations}{chapter.14}% 67
\BOOKMARK [1][-]{section.14.2}{The\040second\040fundamental\040theorem\040of\040S.\040Lie}{chapter.14}% 68
\BOOKMARK [1][-]{section.14.3}{Determination\040of\040groups\040and\040subgroups}{chapter.14}% 69
\BOOKMARK [1][-]{section.14.4}{Adjoint\040groups\040and\040the\040third\040fundamental\040theorem}{chapter.14}% 70
\BOOKMARK [0][-]{appendix.A}{Bibliography}{part.3}% 71
\BOOKMARK [0][-]{appendix.A}{Index}{part.3}% 72
