\BOOKMARK [0][-]{chapter*.1}{Preface}{}% 1
\BOOKMARK [-1][-]{part.1}{I\040The\040theory\040of\040exterior\040differential\040systems}{}% 2
\BOOKMARK [0][-]{chapter.1}{Exterior\040forms}{part.1}% 3
\BOOKMARK [1][-]{section.1.1}{Symmetric\040and\040alternating\040bilinear\040forms.\040Algebraic\040and\040exterior\040quadratic\040forms}{chapter.1}% 4
\BOOKMARK [1][-]{section.1.2}{Exterior\040forms\040of\040any\040degree}{chapter.1}% 5
\BOOKMARK [1][-]{section.1.3}{Systems\040of\040exterior\040equations}{chapter.1}% 6
\BOOKMARK [1][-]{section.1.4}{Algebraically\040equivalent\040systems\040of\040exterior\040equations}{chapter.1}% 7
\BOOKMARK [1][-]{section.1.5}{Associated\040system\040of\040a\040system\040of\040exterior\040equations}{chapter.1}% 8
\BOOKMARK [0][-]{chapter.2}{Exterior\040differential\040forms}{part.1}% 9
\BOOKMARK [1][-]{section.2.1}{Definition.\040Exterior\040differentiation}{chapter.2}% 10
\BOOKMARK [1][-]{section.2.2}{Exterior\040differentiation\040and\040the\040general\040Stokes'\040formula}{chapter.2}% 11
\BOOKMARK [0][-]{chapter.3}{Exterior\040differential\040systems.\040Characteristic\040system}{part.1}% 12
\BOOKMARK [1][-]{section.3.1}{Generalities.\040Completely\040integrable\040systems}{chapter.3}% 13
\BOOKMARK [1][-]{section.3.2}{Closed\040differential\040systems.\040Characteristic\040system}{chapter.3}% 14
\BOOKMARK [1][-]{section.3.3}{Applications\040to\040the\040Pfaffian\040problem}{chapter.3}% 15
\BOOKMARK [0][-]{chapter.4}{Integral\040elements,\040characters,\040genre.\040Existence\040theorems}{part.1}% 16
\BOOKMARK [1][-]{section.4.1}{Integral\040elements\040of\040a\040differential\040system}{chapter.4}% 17
\BOOKMARK [1][-]{section.4.2}{Two\040existence\040theorems}{chapter.4}% 18
\BOOKMARK [1][-]{section.4.3}{General\040solution\040and\040singular\040solutions.\040Characteristics}{chapter.4}% 19
\BOOKMARK [0][-]{chapter.5}{Differential\040systems\040in\040involution\040with\040imposed\040independent\040variables}{part.1}% 20
\BOOKMARK [1][-]{section.5.1}{Generalities.\040Systems\040in\040involution}{chapter.5}% 21
\BOOKMARK [1][-]{section.5.2}{Reduced\040characters}{chapter.5}% 22
\BOOKMARK [1][-]{section.5.3}{Necessary\040and\040sufficient\040criterion\040for\040involution}{chapter.5}% 23
\BOOKMARK [1][-]{section.5.4}{A\040sufficient\040criterion\040for\040involution}{chapter.5}% 24
\BOOKMARK [1][-]{section.5.5}{The\040case\040of\040two\040independent\040variables}{chapter.5}% 25
\BOOKMARK [1][-]{section.5.6}{System\040in\040involution\040whose\040general\040solution\040depends\040on\040one\040function\040of\040one\040variable}{chapter.5}% 26
\BOOKMARK [1][-]{section.5.7}{A\040theorem\040of\040J.-A.\040Schouten\040and\040van\040der\040Kulk}{chapter.5}% 27
\BOOKMARK [0][-]{chapter.6}{Prolongation\040of\040differential\040system}{part.1}% 28
\BOOKMARK [1][-]{section.6.1}{A\040fundamental\040problem}{chapter.6}% 29
\BOOKMARK [1][-]{section.6.2}{Prolongations\040of\040differential\040system}{chapter.6}% 30
\BOOKMARK [1][-]{section.6.3}{The\040case\040of\040two\040independent\040variables}{chapter.6}% 31
\BOOKMARK [-1][-]{part.2}{II\040Applications\040to\040differential\040geometry}{}% 32
\BOOKMARK [0][-]{chapter.7}{Differential\040systems\040in\040the\040theory\040of\040surfaces}{part.2}% 33
\BOOKMARK [1][-]{section.7.1}{Review\040of\040the\040principles\040of\040the\040theory\040of\040moving\040trihedrals}{chapter.7}% 34
\BOOKMARK [1][-]{section.7.2}{Fundamental\040theorems\040in\040the\040theory\040of\040surfaces}{chapter.7}% 35
\BOOKMARK [2][-]{subsection.7.2.1}{Surfaces\040containing\040only\040umbilical\040points}{section.7.2}% 36
\BOOKMARK [2][-]{subsection.7.2.2}{Establishing\040a\040point\040correspondence\040between\040two\040given\040surfaces}{section.7.2}% 37
\BOOKMARK [2][-]{subsection.7.2.3}{Weingarten\040surfaces}{section.7.2}% 38
\BOOKMARK [2][-]{subsection.7.2.4}{Isothermal\040surfaces}{section.7.2}% 39
\BOOKMARK [2][-]{subsection.7.2.5}{Two\040isometric\040surfaces}{section.7.2}% 40
\BOOKMARK [2][-]{subsection.7.2.6}{Two\040isometric\040surfaces\040with\040the\040same\040families\040of\040asymptotic\040lines}{section.7.2}% 41
\BOOKMARK [2][-]{subsection.7.2.7}{Two\040isometric\040surfaces\040with\040the\040same\040curvature\040lines}{section.7.2}% 42
\BOOKMARK [2][-]{subsection.7.2.8}{Two\040isometric\040surfaces\040with\040the\040same\040principal\040curvatures}{section.7.2}% 43
\BOOKMARK [2][-]{subsection.7.2.9}{Two\040surfaces\040in\040point\040correspondence\040with\040the\040same\040curvature\040lines\040and\040principal\040curvatures}{section.7.2}% 44
\BOOKMARK [2][-]{subsection.7.2.10}{Two\040surfaces\040in\040point\040correspondence\040with\040the\040same\040geodesic\040torsion\040of\040curves}{section.7.2}% 45
\BOOKMARK [2][-]{subsection.7.2.11}{Surfaces\040having\040the\040same\040third\040fundamental\040form\040as\040a\040given\040surface}{section.7.2}% 46
\BOOKMARK [2][-]{subsection.7.2.12}{Two\040surfaces\040in\040conformal\040correspondence\040with\040the\040same\040asymptotic\040lines}{section.7.2}% 47
\BOOKMARK [2][-]{subsection.7.2.13}{Two\040surfaces\040in\040point\040correspondence\040with\040the\040same\040curvature\040lines\040and\040second\040fundamental\040form}{section.7.2}% 48
\BOOKMARK [2][-]{subsection.7.2.14}{Surfaces\040\040in\040point\040correspondence\040with\040a\040given\040surface\040S,\040curvature\040lines\040of\040one\040correspond\040to\040asymptotic\040lines\040of\040the\040other}{section.7.2}% 49
\BOOKMARK [2][-]{subsection.7.2.15}{Two\040convex\040surfaces\040in\040point\040correspondence,\040the\040asymptotic\040lines\040of\040one\040corresponding\040to\040the\040minimal\040lines\040of\040the\040other}{section.7.2}% 50
\BOOKMARK [0][-]{chapter.8}{Geometric\040problems\040with\040more\040than\040two\040independent\040variables}{part.2}% 51
\BOOKMARK [1][-]{section.8.1}{Triple\040orthogonal\040systems}{chapter.8}% 52
\BOOKMARK [1][-]{section.8.2}{Triple\040systems\040at\040constant\040angles}{chapter.8}% 53
\BOOKMARK [1][-]{section.8.3}{p-tuple\040orthogonal\040systems\040in\040p\040dimensional\040space}{chapter.8}% 54
\BOOKMARK [1][-]{section.8.4}{Realisation\040of\040three\040dimensional\040Riemannian\040spaces\040as\040varieties\040of\040Euclidean\040space}{chapter.8}% 55
\BOOKMARK [0][-]{chapter*.141}{Bibliography}{part.2}% 56
\BOOKMARK [0][-]{Item.16}{Index}{part.2}% 57
